# JRE version: OpenJDK Runtime Environment (7.0_65-b32) (build 1.7.0_65-b32)
# Java VM: OpenJDK 64-Bit Server VM (24.65-b04 mixed mode linux-amd64 compressed oops)
Heap
 PSYoungGen      total 48640K, used 22487K [0x00000000f8000000, 0x00000000fcd80000, 0x0000000100000000)
  eden space 39424K, 33% used [0x00000000f8000000,0x00000000f8cfb880,0x00000000fa680000)
  from space 9216K, 99% used [0x00000000fa780000,0x00000000fb07a620,0x00000000fb080000)
  to   space 19968K, 0% used [0x00000000fba00000,0x00000000fba00000,0x00000000fcd80000)
 ParOldGen       total 113664K, used 45591K [0x00000000e8000000, 0x00000000eef00000, 0x00000000f8000000)
  object space 113664K, 40% used [0x00000000e8000000,0x00000000eac85ce0,0x00000000eef00000)
 PSPermGen       total 83456K, used 72382K [0x00000000d8000000, 0x00000000dd180000, 0x00000000e8000000)
  object space 83456K, 86% used [0x00000000d8000000,0x00000000dc6afbe8,0x00000000dd180000)
GC Heap History (10 events):
Event: 5920.921 GC heap before
{Heap before GC invocations=73 (full 12):
 PSYoungGen      total 64000K, used 56015K [0x00000000f8000000, 0x00000000fd580000, 0x0000000100000000)
  eden space 44544K, 100% used [0x00000000f8000000,0x00000000fab80000,0x00000000fab80000)
  from space 19456K, 58% used [0x00000000fc280000,0x00000000fcdb3f60,0x00000000fd580000)
  to   space 21504K, 0% used [0x00000000fab80000,0x00000000fab80000,0x00000000fc080000)
 ParOldGen       total 113664K, used 42709K [0x00000000e8000000, 0x00000000eef00000, 0x00000000f8000000)
  object space 113664K, 37% used [0x00000000e8000000,0x00000000ea9b55f0,0x00000000eef00000)
 PSPermGen       total 83456K, used 72280K [0x00000000d8000000, 0x00000000dd180000, 0x00000000e8000000)
  object space 83456K, 86% used [0x00000000d8000000,0x00000000dc696080,0x00000000dd180000)
Event: 5920.953 GC heap after
Heap after GC invocations=73 (full 12):
 PSYoungGen      total 51712K, used 8079K [0x00000000f8000000, 0x00000000fd480000, 0x0000000100000000)
  eden space 43520K, 0% used [0x00000000f8000000,0x00000000f8000000,0x00000000faa80000)
  from space 8192K, 98% used [0x00000000fab80000,0x00000000fb363f90,0x00000000fb380000)
  to   space 21504K, 0% used [0x00000000fbf80000,0x00000000fbf80000,0x00000000fd480000)
 ParOldGen       total 113664K, used 44718K [0x00000000e8000000, 0x00000000eef00000, 0x00000000f8000000)
  object space 113664K, 39% used [0x00000000e8000000,0x00000000eabab910,0x00000000eef00000)
 PSPermGen       total 83456K, used 72280K [0x00000000d8000000, 0x00000000dd180000, 0x00000000e8000000)
  object space 83456K, 86% used [0x00000000d8000000,0x00000000dc696080,0x00000000dd180000)
}
Event: 5950.427 GC heap before
{Heap before GC invocations=74 (full 12):
 PSYoungGen      total 51712K, used 51588K [0x00000000f8000000, 0x00000000fd480000, 0x0000000100000000)
  eden space 43520K, 99% used [0x00000000f8000000,0x00000000faa7d228,0x00000000faa80000)
  from space 8192K, 98% used [0x00000000fab80000,0x00000000fb363f90,0x00000000fb380000)
  to   space 21504K, 0% used [0x00000000fbf80000,0x00000000fbf80000,0x00000000fd480000)
 ParOldGen       total 113664K, used 44718K [0x00000000e8000000, 0x00000000eef00000, 0x00000000f8000000)
  object space 113664K, 39% used [0x00000000e8000000,0x00000000eabab910,0x00000000eef00000)
 PSPermGen       total 83456K, used 72288K [0x00000000d8000000, 0x00000000dd180000, 0x00000000e8000000)
  object space 83456K, 86% used [0x00000000d8000000,0x00000000dc698140,0x00000000dd180000)
Event: 5950.450 GC heap after
Heap after GC invocations=74 (full 12):
 PSYoungGen      total 61952K, used 9254K [0x00000000f8000000, 0x00000000fd280000, 0x0000000100000000)
  eden space 42496K, 0% used [0x00000000f8000000,0x00000000f8000000,0x00000000fa980000)
  from space 19456K, 47% used [0x00000000fbf80000,0x00000000fc889ac0,0x00000000fd280000)
  to   space 20992K, 0% used [0x00000000fa980000,0x00000000fa980000,0x00000000fbe00000)
 ParOldGen       total 113664K, used 44786K [0x00000000e8000000, 0x00000000eef00000, 0x00000000f8000000)
  object space 113664K, 39% used [0x00000000e8000000,0x00000000eabbc910,0x00000000eef00000)
 PSPermGen       total 83456K, used 72288K [0x00000000d8000000, 0x00000000dd180000, 0x00000000e8000000)
  object space 83456K, 86% used [0x00000000d8000000,0x00000000dc698140,0x00000000dd180000)
}
Event: 5991.594 GC heap before
{Heap before GC invocations=75 (full 12):
 PSYoungGen      total 61952K, used 51750K [0x00000000f8000000, 0x00000000fd280000, 0x0000000100000000)
  eden space 42496K, 100% used [0x00000000f8000000,0x00000000fa980000,0x00000000fa980000)
  from space 19456K, 47% used [0x00000000fbf80000,0x00000000fc889ac0,0x00000000fd280000)
  to   space 20992K, 0% used [0x00000000fa980000,0x00000000fa980000,0x00000000fbe00000)
 ParOldGen       total 113664K, used 44786K [0x00000000e8000000, 0x00000000eef00000, 0x00000000f8000000)
  object space 113664K, 39% used [0x00000000e8000000,0x00000000eabbc910,0x00000000eef00000)
 PSPermGen       total 83456K, used 72335K [0x00000000d8000000, 0x00000000dd180000, 0x00000000e8000000)
  object space 83456K, 86% used [0x00000000d8000000,0x00000000dc6a3cf0,0x00000000dd180000)
Event: 5991.614 GC heap after
Heap after GC invocations=75 (full 12):
 PSYoungGen      total 49664K, used 7859K [0x00000000f8000000, 0x00000000fd180000, 0x0000000100000000)
  eden space 41472K, 0% used [0x00000000f8000000,0x00000000f8000000,0x00000000fa880000)
  from space 8192K, 95% used [0x00000000fa980000,0x00000000fb12ce48,0x00000000fb180000)
  to   space 20992K, 0% used [0x00000000fbd00000,0x00000000fbd00000,0x00000000fd180000)
 ParOldGen       total 113664K, used 45009K [0x00000000e8000000, 0x00000000eef00000, 0x00000000f8000000)
  object space 113664K, 39% used [0x00000000e8000000,0x00000000eabf4610,0x00000000eef00000)
 PSPermGen       total 83456K, used 72335K [0x00000000d8000000, 0x00000000dd180000, 0x00000000e8000000)
  object space 83456K, 86% used [0x00000000d8000000,0x00000000dc6a3cf0,0x00000000dd180000)
}
Event: 6030.060 GC heap before
{Heap before GC invocations=76 (full 12):
 PSYoungGen      total 49664K, used 49331K [0x00000000f8000000, 0x00000000fd180000, 0x0000000100000000)
  eden space 41472K, 100% used [0x00000000f8000000,0x00000000fa880000,0x00000000fa880000)
  from space 8192K, 95% used [0x00000000fa980000,0x00000000fb12ce48,0x00000000fb180000)
  to   space 20992K, 0% used [0x00000000fbd00000,0x00000000fbd00000,0x00000000fd180000)
 ParOldGen       total 113664K, used 45009K [0x00000000e8000000, 0x00000000eef00000, 0x00000000f8000000)
  object space 113664K, 39% used [0x00000000e8000000,0x00000000eabf4610,0x00000000eef00000)
 PSPermGen       total 83456K, used 72369K [0x00000000d8000000, 0x00000000dd180000, 0x00000000e8000000)
  object space 83456K, 86% used [0x00000000d8000000,0x00000000dc6ac5e0,0x00000000dd180000)
Event: 6030.082 GC heap after
Heap after GC invocations=76 (full 12):
 PSYoungGen      total 59392K, used 7396K [0x00000000f8000000, 0x00000000fcf80000, 0x0000000100000000)
  eden space 40448K, 0% used [0x00000000f8000000,0x00000000f8000000,0x00000000fa780000)
  from space 18944K, 39% used [0x00000000fbd00000,0x00000000fc439370,0x00000000fcf80000)
  to   space 20480K, 0% used [0x00000000fa780000,0x00000000fa780000,0x00000000fbb80000)
 ParOldGen       total 113664K, used 45248K [0x00000000e8000000, 0x00000000eef00000, 0x00000000f8000000)
  object space 113664K, 39% used [0x00000000e8000000,0x00000000eac30310,0x00000000eef00000)
 PSPermGen       total 83456K, used 72369K [0x00000000d8000000, 0x00000000dd180000, 0x00000000e8000000)
  object space 83456K, 86% used [0x00000000d8000000,0x00000000dc6ac5e0,0x00000000dd180000)
}
Event: 6066.524 GC heap before
{Heap before GC invocations=77 (full 12):
 PSYoungGen      total 59392K, used 47844K [0x00000000f8000000, 0x00000000fcf80000, 0x0000000100000000)
  eden space 40448K, 100% used [0x00000000f8000000,0x00000000fa780000,0x00000000fa780000)
  from space 18944K, 39% used [0x00000000fbd00000,0x00000000fc439370,0x00000000fcf80000)
  to   space 20480K, 0% used [0x00000000fa780000,0x00000000fa780000,0x00000000fbb80000)
 ParOldGen       total 113664K, used 45248K [0x00000000e8000000, 0x00000000eef00000, 0x00000000f8000000)
  object space 113664K, 39% used [0x00000000e8000000,0x00000000eac30310,0x00000000eef00000)
 PSPermGen       total 83456K, used 72374K [0x00000000d8000000, 0x00000000dd180000, 0x00000000e8000000)
  object space 83456K, 86% used [0x00000000d8000000,0x00000000dc6adb78,0x00000000dd180000)
Event: 6066.554 GC heap after
Heap after GC invocations=77 (full 12):
 PSYoungGen      total 48640K, used 9193K [0x00000000f8000000, 0x00000000fcd80000, 0x0000000100000000)
  eden space 39424K, 0% used [0x00000000f8000000,0x00000000f8000000,0x00000000fa680000)
  from space 9216K, 99% used [0x00000000fa780000,0x00000000fb07a620,0x00000000fb080000)
  to   space 19968K, 0% used [0x00000000fba00000,0x00000000fba00000,0x00000000fcd80000)
 ParOldGen       total 113664K, used 45591K [0x00000000e8000000, 0x00000000eef00000, 0x00000000f8000000)
  object space 113664K, 40% used [0x00000000e8000000,0x00000000eac85ce0,0x00000000eef00000)
 PSPermGen       total 83456K, used 72374K [0x00000000d8000000, 0x00000000dd180000, 0x00000000e8000000)
  object space 83456K, 86% used [0x00000000d8000000,0x00000000dc6adb78,0x00000000dd180000)
}

